<?xml version="1.0" encoding="UTF-8"?>
<robot generator="Robot 3.2.2 (Python 3.8.7 on darwin)" generated="20210131 10:50:56.038" rpa="false">
<suite id="s1" name="Login Form" source="/Users/prog_utino/projects/Tests/robot/web/tests/login_form.robot">
<test id="s1-t1" name="Success Loging">
<kw name="New Session" library="base" type="setup">
<kw name="Open Browser" library="SeleniumLibrary">
<doc>Opens a new browser instance to the optional ``url``.</doc>
<arguments>
<arg>${url}</arg>
<arg>chrome</arg>
</arguments>
<msg timestamp="20210131 10:50:56.363" level="INFO">Opening browser 'chrome' to base url 'https://training-wheels-protocol.herokuapp.com/'.</msg>
<status status="PASS" starttime="20210131 10:50:56.363" endtime="20210131 10:51:03.686"></status>
</kw>
<status status="PASS" starttime="20210131 10:50:56.363" endtime="20210131 10:51:03.687"></status>
</kw>
<kw name="Login With">
<arguments>
<arg>stark</arg>
<arg>jarvis!</arg>
</arguments>
<kw name="Go To" library="SeleniumLibrary">
<doc>Navigates the current browser window to the provided ``url``.</doc>
<arguments>
<arg>${url}login</arg>
</arguments>
<msg timestamp="20210131 10:51:03.691" level="INFO">Opening url 'https://training-wheels-protocol.herokuapp.com/login'</msg>
<status status="PASS" starttime="20210131 10:51:03.690" endtime="20210131 10:51:04.259"></status>
</kw>
<kw name="Input Text" library="SeleniumLibrary">
<doc>Types the given ``text`` into the text field identified by ``locator``.</doc>
<arguments>
<arg>${input_username}</arg>
<arg>${username}</arg>
</arguments>
<msg timestamp="20210131 10:51:04.260" level="INFO">Typing text 'stark' into text field 'css:input[name=username]'.</msg>
<status status="PASS" starttime="20210131 10:51:04.259" endtime="20210131 10:51:04.541"></status>
</kw>
<kw name="Input Password" library="SeleniumLibrary">
<doc>Types the given password into the text field identified by ``locator``.</doc>
<arguments>
<arg>${input_password}</arg>
<arg>${password}</arg>
</arguments>
<msg timestamp="20210131 10:51:04.542" level="INFO">Typing password into text field 'css:input[name=password]'.</msg>
<msg timestamp="20210131 10:51:04.596" level="INFO">Temporally setting log level to: NONE</msg>
<msg timestamp="20210131 10:51:04.664" level="INFO">Log level changed from NONE to INFO.</msg>
<status status="PASS" starttime="20210131 10:51:04.542" endtime="20210131 10:51:04.664"></status>
</kw>
<kw name="Click Button" library="SeleniumLibrary">
<doc>Clicks the button identified by ``locator``.</doc>
<arguments>
<arg>${button_login}</arg>
</arguments>
<msg timestamp="20210131 10:51:04.665" level="INFO">Clicking button 'css:button[class$=btn-login]'.</msg>
<status status="PASS" starttime="20210131 10:51:04.664" endtime="20210131 10:51:05.512"></status>
</kw>
<status status="PASS" starttime="20210131 10:51:03.688" endtime="20210131 10:51:05.512"></status>
</kw>
<kw name="Page Should Contain" library="SeleniumLibrary">
<doc>Verifies that current page contains ``text``.</doc>
<arguments>
<arg>Olá, Tony Stark. Você acessou a área logada!</arg>
</arguments>
<msg timestamp="20210131 10:51:05.534" level="INFO">Current page contains text 'Olá, Tony Stark. Você acessou a área logada!'.</msg>
<status status="PASS" starttime="20210131 10:51:05.512" endtime="20210131 10:51:05.534"></status>
</kw>
<kw name="Closer Session" library="base" type="teardown">
<kw name="Capture Page Screenshot" library="SeleniumLibrary">
<doc>Takes a screenshot of the current page and embeds it into a log file.</doc>
<msg timestamp="20210131 10:51:06.323" level="INFO" html="yes">&lt;/td&gt;&lt;/tr&gt;&lt;tr&gt;&lt;td colspan="3"&gt;&lt;a href="selenium-screenshot-50.png"&gt;&lt;img src="selenium-screenshot-50.png" width="800px"&gt;&lt;/a&gt;</msg>
<status status="PASS" starttime="20210131 10:51:05.536" endtime="20210131 10:51:06.323"></status>
</kw>
<kw name="Close Browser" library="SeleniumLibrary">
<doc>Closes the current browser.</doc>
<status status="PASS" starttime="20210131 10:51:06.324" endtime="20210131 10:51:06.583"></status>
</kw>
<status status="PASS" starttime="20210131 10:51:05.535" endtime="20210131 10:51:06.584"></status>
</kw>
<status status="PASS" starttime="20210131 10:50:56.362" endtime="20210131 10:51:06.587" critical="yes"></status>
</test>
<test id="s1-t2" name="Invalid Username Loging">
<kw name="New Session" library="base" type="setup">
<kw name="Open Browser" library="SeleniumLibrary">
<doc>Opens a new browser instance to the optional ``url``.</doc>
<arguments>
<arg>${url}</arg>
<arg>chrome</arg>
</arguments>
<msg timestamp="20210131 10:51:06.593" level="INFO">Opening browser 'chrome' to base url 'https://training-wheels-protocol.herokuapp.com/'.</msg>
<status status="PASS" starttime="20210131 10:51:06.593" endtime="20210131 10:51:12.669"></status>
</kw>
<status status="PASS" starttime="20210131 10:51:06.592" endtime="20210131 10:51:12.669"></status>
</kw>
<kw name="Login With">
<arguments>
<arg>ricardo</arg>
<arg>jarvis!</arg>
</arguments>
<kw name="Go To" library="SeleniumLibrary">
<doc>Navigates the current browser window to the provided ``url``.</doc>
<arguments>
<arg>${url}login</arg>
</arguments>
<msg timestamp="20210131 10:51:12.672" level="INFO">Opening url 'https://training-wheels-protocol.herokuapp.com/login'</msg>
<status status="PASS" starttime="20210131 10:51:12.672" endtime="20210131 10:51:13.252"></status>
</kw>
<kw name="Input Text" library="SeleniumLibrary">
<doc>Types the given ``text`` into the text field identified by ``locator``.</doc>
<arguments>
<arg>${input_username}</arg>
<arg>${username}</arg>
</arguments>
<msg timestamp="20210131 10:51:13.253" level="INFO">Typing text 'ricardo' into text field 'css:input[name=username]'.</msg>
<status status="PASS" starttime="20210131 10:51:13.252" endtime="20210131 10:51:13.480"></status>
</kw>
<kw name="Input Password" library="SeleniumLibrary">
<doc>Types the given password into the text field identified by ``locator``.</doc>
<arguments>
<arg>${input_password}</arg>
<arg>${password}</arg>
</arguments>
<msg timestamp="20210131 10:51:13.481" level="INFO">Typing password into text field 'css:input[name=password]'.</msg>
<msg timestamp="20210131 10:51:13.543" level="INFO">Temporally setting log level to: NONE</msg>
<msg timestamp="20210131 10:51:13.597" level="INFO">Log level changed from NONE to INFO.</msg>
<status status="PASS" starttime="20210131 10:51:13.480" endtime="20210131 10:51:13.597"></status>
</kw>
<kw name="Click Button" library="SeleniumLibrary">
<doc>Clicks the button identified by ``locator``.</doc>
<arguments>
<arg>${button_login}</arg>
</arguments>
<msg timestamp="20210131 10:51:13.598" level="INFO">Clicking button 'css:button[class$=btn-login]'.</msg>
<status status="PASS" starttime="20210131 10:51:13.597" endtime="20210131 10:51:14.419"></status>
</kw>
<status status="PASS" starttime="20210131 10:51:12.670" endtime="20210131 10:51:14.419"></status>
</kw>
<kw name="Should Contain Login Alert">
<arguments>
<arg>O usuário informado não está cadastrado!</arg>
</arguments>
<kw name="Get WebElement" library="SeleniumLibrary">
<doc>Returns the first WebElement matching the given ``locator``.</doc>
<arguments>
<arg>id:flash</arg>
</arguments>
<assign>
<var>${message}</var>
</assign>
<msg timestamp="20210131 10:51:14.431" level="INFO">${message} = &lt;selenium.webdriver.remote.webelement.WebElement (session="4795282c06747d3508397a87ad2fc83b", element="00c24889-bef3-4947-982e-63d18e03d686")&gt;</msg>
<status status="PASS" starttime="20210131 10:51:14.420" endtime="20210131 10:51:14.431"></status>
</kw>
<kw name="Should Contain" library="BuiltIn">
<doc>Fails if ``container`` does not contain ``item`` one or more times.</doc>
<arguments>
<arg>${message.text}</arg>
<arg>${expect_message}</arg>
</arguments>
<status status="PASS" starttime="20210131 10:51:14.431" endtime="20210131 10:51:14.450"></status>
</kw>
<status status="PASS" starttime="20210131 10:51:14.420" endtime="20210131 10:51:14.451"></status>
</kw>
<kw name="Closer Session" library="base" type="teardown">
<kw name="Capture Page Screenshot" library="SeleniumLibrary">
<doc>Takes a screenshot of the current page and embeds it into a log file.</doc>
<msg timestamp="20210131 10:51:15.107" level="INFO" html="yes">&lt;/td&gt;&lt;/tr&gt;&lt;tr&gt;&lt;td colspan="3"&gt;&lt;a href="selenium-screenshot-51.png"&gt;&lt;img src="selenium-screenshot-51.png" width="800px"&gt;&lt;/a&gt;</msg>
<status status="PASS" starttime="20210131 10:51:14.452" endtime="20210131 10:51:15.108"></status>
</kw>
<kw name="Close Browser" library="SeleniumLibrary">
<doc>Closes the current browser.</doc>
<status status="PASS" starttime="20210131 10:51:15.108" endtime="20210131 10:51:15.316"></status>
</kw>
<status status="PASS" starttime="20210131 10:51:14.451" endtime="20210131 10:51:15.316"></status>
</kw>
<status status="PASS" starttime="20210131 10:51:06.590" endtime="20210131 10:51:15.317" critical="yes"></status>
</test>
<test id="s1-t3" name="Invalid Password Loging">
<kw name="New Session" library="base" type="setup">
<kw name="Open Browser" library="SeleniumLibrary">
<doc>Opens a new browser instance to the optional ``url``.</doc>
<arguments>
<arg>${url}</arg>
<arg>chrome</arg>
</arguments>
<msg timestamp="20210131 10:51:15.322" level="INFO">Opening browser 'chrome' to base url 'https://training-wheels-protocol.herokuapp.com/'.</msg>
<status status="PASS" starttime="20210131 10:51:15.321" endtime="20210131 10:51:20.960"></status>
</kw>
<status status="PASS" starttime="20210131 10:51:15.320" endtime="20210131 10:51:20.960"></status>
</kw>
<kw name="Login With">
<arguments>
<arg>stark</arg>
<arg>123456</arg>
</arguments>
<kw name="Go To" library="SeleniumLibrary">
<doc>Navigates the current browser window to the provided ``url``.</doc>
<arguments>
<arg>${url}login</arg>
</arguments>
<msg timestamp="20210131 10:51:20.962" level="INFO">Opening url 'https://training-wheels-protocol.herokuapp.com/login'</msg>
<status status="PASS" starttime="20210131 10:51:20.961" endtime="20210131 10:51:21.512"></status>
</kw>
<kw name="Input Text" library="SeleniumLibrary">
<doc>Types the given ``text`` into the text field identified by ``locator``.</doc>
<arguments>
<arg>${input_username}</arg>
<arg>${username}</arg>
</arguments>
<msg timestamp="20210131 10:51:21.513" level="INFO">Typing text 'stark' into text field 'css:input[name=username]'.</msg>
<status status="PASS" starttime="20210131 10:51:21.513" endtime="20210131 10:51:21.743"></status>
</kw>
<kw name="Input Password" library="SeleniumLibrary">
<doc>Types the given password into the text field identified by ``locator``.</doc>
<arguments>
<arg>${input_password}</arg>
<arg>${password}</arg>
</arguments>
<msg timestamp="20210131 10:51:21.743" level="INFO">Typing password into text field 'css:input[name=password]'.</msg>
<msg timestamp="20210131 10:51:21.797" level="INFO">Temporally setting log level to: NONE</msg>
<msg timestamp="20210131 10:51:21.852" level="INFO">Log level changed from NONE to INFO.</msg>
<status status="PASS" starttime="20210131 10:51:21.743" endtime="20210131 10:51:21.853"></status>
</kw>
<kw name="Click Button" library="SeleniumLibrary">
<doc>Clicks the button identified by ``locator``.</doc>
<arguments>
<arg>${button_login}</arg>
</arguments>
<msg timestamp="20210131 10:51:21.853" level="INFO">Clicking button 'css:button[class$=btn-login]'.</msg>
<status status="PASS" starttime="20210131 10:51:21.853" endtime="20210131 10:51:22.638"></status>
</kw>
<status status="PASS" starttime="20210131 10:51:20.961" endtime="20210131 10:51:22.638"></status>
</kw>
<kw name="Should Contain Login Alert">
<arguments>
<arg>Senha é invalida!</arg>
</arguments>
<kw name="Get WebElement" library="SeleniumLibrary">
<doc>Returns the first WebElement matching the given ``locator``.</doc>
<arguments>
<arg>id:flash</arg>
</arguments>
<assign>
<var>${message}</var>
</assign>
<msg timestamp="20210131 10:51:22.653" level="INFO">${message} = &lt;selenium.webdriver.remote.webelement.WebElement (session="e625a384503e29dd46ee89d61a509971", element="a86a73d5-e1ea-4e01-9a3f-48abdb129bb4")&gt;</msg>
<status status="PASS" starttime="20210131 10:51:22.639" endtime="20210131 10:51:22.653"></status>
</kw>
<kw name="Should Contain" library="BuiltIn">
<doc>Fails if ``container`` does not contain ``item`` one or more times.</doc>
<arguments>
<arg>${message.text}</arg>
<arg>${expect_message}</arg>
</arguments>
<status status="PASS" starttime="20210131 10:51:22.653" endtime="20210131 10:51:22.671"></status>
</kw>
<status status="PASS" starttime="20210131 10:51:22.638" endtime="20210131 10:51:22.671"></status>
</kw>
<kw name="Closer Session" library="base" type="teardown">
<kw name="Capture Page Screenshot" library="SeleniumLibrary">
<doc>Takes a screenshot of the current page and embeds it into a log file.</doc>
<msg timestamp="20210131 10:51:23.336" level="INFO" html="yes">&lt;/td&gt;&lt;/tr&gt;&lt;tr&gt;&lt;td colspan="3"&gt;&lt;a href="selenium-screenshot-52.png"&gt;&lt;img src="selenium-screenshot-52.png" width="800px"&gt;&lt;/a&gt;</msg>
<status status="PASS" starttime="20210131 10:51:22.672" endtime="20210131 10:51:23.336"></status>
</kw>
<kw name="Close Browser" library="SeleniumLibrary">
<doc>Closes the current browser.</doc>
<status status="PASS" starttime="20210131 10:51:23.336" endtime="20210131 10:51:23.566"></status>
</kw>
<status status="PASS" starttime="20210131 10:51:22.672" endtime="20210131 10:51:23.566"></status>
</kw>
<status status="PASS" starttime="20210131 10:51:15.319" endtime="20210131 10:51:23.566" critical="yes"></status>
</test>
<status status="PASS" starttime="20210131 10:50:56.040" endtime="20210131 10:51:23.570"></status>
</suite>
<statistics>
<total>
<stat pass="3" fail="0">Critical Tests</stat>
<stat pass="3" fail="0">All Tests</stat>
</total>
<tag>
</tag>
<suite>
<stat pass="3" fail="0" id="s1" name="Login Form">Login Form</stat>
</suite>
</statistics>
<errors>
</errors>
</robot>
